<?xml version="1.0" encoding="UTF-8"?>
<!-- Generated by org.testng.reporters.JUnitXMLReporter -->
<testsuite ignored="6" hostname="DESKTOP-7I0OKJG" failures="0" tests="1" name="Default test" time="13.443" errors="0" timestamp="25 Jul 2021 15:06:49 GMT">
  <testcase classname="com.example.exerciseTests" name="M008_navigateToAboutPage" time="6.351"/>
  <testcase classname="com.example.exerciseTests" name="B008_buyGasInQuantityOf500" time="0.0">
    <ignored/>
  </testcase> <!-- B008_buyGasInQuantityOf500 -->
  <testcase classname="com.example.exerciseTests" name="B007_buyGasInQuantityOf1" time="0.0">
    <ignored/>
  </testcase> <!-- B007_buyGasInQuantityOf1 -->
  <testcase classname="com.example.exerciseTests" name="B008_9_10_buyGasInQuantity" time="0.0">
    <ignored/>
  </testcase> <!-- B008_9_10_buyGasInQuantity -->
  <testcase classname="com.example.exerciseTests" name="B002_navigateToHomePage" time="0.0">
    <ignored/>
  </testcase> <!-- B002_navigateToHomePage -->
  <testcase classname="com.example.exerciseTests" name="M013_navigateToBuyEnergyPage" time="0.0">
    <ignored/>
  </testcase> <!-- M013_navigateToBuyEnergyPage -->
  <testcase classname="com.example.exerciseTests" name="L004_accountLogin" time="0.0">
    <ignored/>
  </testcase> <!-- L004_accountLogin -->
</testsuite> <!-- Default test -->
