<?xml version="1.0" encoding="UTF-8"?>
<testng-results ignored="6" total="7" passed="1" failed="0" skipped="0">
  <reporter-output>
  </reporter-output>
  <suite started-at="2021-07-25T15:06:36Z" name="Default suite" finished-at="2021-07-25T15:06:49Z" duration-ms="13443">
    <groups>
    </groups>
    <test started-at="2021-07-25T15:06:36Z" name="Default test" finished-at="2021-07-25T15:06:49Z" duration-ms="13443">
      <class name="com.example.exerciseTests">
        <test-method is-config="true" signature="beforeMethod()[pri:0, instance:com.example.exerciseTests@5026735c]" started-at="2021-07-25T16:06:36Z" name="beforeMethod" finished-at="2021-07-25T16:06:40Z" duration-ms="4184" status="PASS">
          <reporter-output>
          </reporter-output>
        </test-method> <!-- beforeMethod -->
        <test-method signature="M008_navigateToAboutPage()[pri:0, instance:com.example.exerciseTests@5026735c]" started-at="2021-07-25T16:06:40Z" name="M008_navigateToAboutPage" finished-at="2021-07-25T16:06:47Z" duration-ms="6351" status="PASS">
          <reporter-output>
          </reporter-output>
        </test-method> <!-- M008_navigateToAboutPage -->
        <test-method is-config="true" signature="afterMethod()[pri:0, instance:com.example.exerciseTests@5026735c]" started-at="2021-07-25T16:06:47Z" name="afterMethod" finished-at="2021-07-25T16:06:49Z" duration-ms="2888" status="PASS">
          <reporter-output>
          </reporter-output>
        </test-method> <!-- afterMethod -->
      </class> <!-- com.example.exerciseTests -->
    </test> <!-- Default test -->
  </suite> <!-- Default suite -->
</testng-results>
